  pch.cpp
  Alphas.cpp
  Button.cpp
  buttonImage.cpp
  buttonText.cpp
  camera.cpp
c:\users\krudo\desktop\tfg\alphas\alphas\camera.cpp(26): warning C4244: 'argumento': conversión de 'double' a 'float'; posible pérdida de datos
  enemy.cpp
c:\users\krudo\desktop\tfg\alphas\alphas\enemy.cpp(77): warning C4244: '=': conversión de 'double' a 'float'; posible pérdida de datos
c:\users\krudo\desktop\tfg\alphas\alphas\enemy.cpp(117): warning C4244: 'argumento': conversión de 'double' a 'float'; posible pérdida de datos
  enemyCharger.cpp
c:\users\krudo\desktop\tfg\alphas\alphas\enemycharger.cpp(105): warning C4244: 'argumento': conversión de 'double' a 'float'; posible pérdida de datos
  enemyRanger.cpp
c:\users\krudo\desktop\tfg\alphas\alphas\enemyranger.cpp(29): warning C4244: 'argumento': conversión de 'double' a 'float'; posible pérdida de datos
  enemyWarrior.cpp
  EngineManager.cpp
c:\users\krudo\desktop\tfg\alphas\alphas\enginemanager.cpp(21): warning C4018: '<': no coinciden signed/unsigned
c:\users\krudo\desktop\tfg\alphas\alphas\enginemanager.cpp(94): warning C4244: 'argumento': conversión de 'int' a 'T'; posible pérdida de datos
          with
          [
              T=float
          ]
c:\users\krudo\desktop\tfg\alphas\alphas\enginemanager.cpp(95): warning C4244: 'argumento': conversión de 'int' a 'T'; posible pérdida de datos
          with
          [
              T=float
          ]
c:\users\krudo\desktop\tfg\alphas\alphas\enginemanager.cpp(169): warning C4244: 'argumento': conversión de 'double' a 'T'; posible pérdida de datos
          with
          [
              T=float
          ]
c:\users\krudo\desktop\tfg\alphas\alphas\enginemanager.cpp(170): warning C4244: 'argumento': conversión de 'double' a 'T'; posible pérdida de datos
          with
          [
              T=float
          ]
  entity.cpp
  Game.cpp
c:\users\krudo\desktop\tfg\alphas\alphas\game.cpp(45): warning C4244: '=': conversión de 'double' a 'float'; posible pérdida de datos
  image.cpp
c:\users\krudo\desktop\tfg\alphas\alphas\image.cpp(16): warning C4244: 'argumento': conversión de 'int' a 'float'; posible pérdida de datos
  player.cpp
c:\users\krudo\desktop\tfg\alphas\alphas\player.cpp(60): warning C4018: '<': no coinciden signed/unsigned
c:\users\krudo\desktop\tfg\alphas\alphas\player.cpp(159): warning C4244: 'argumento': conversión de 'double' a 'float'; posible pérdida de datos
c:\users\krudo\desktop\tfg\alphas\alphas\player.cpp(202): warning C4244: 'argumento': conversión de 'double' a 'float'; posible pérdida de datos
c:\users\krudo\desktop\tfg\alphas\alphas\player.cpp(209): warning C4244: 'argumento': conversión de 'double' a 'float'; posible pérdida de datos
c:\users\krudo\desktop\tfg\alphas\alphas\player.cpp(216): warning C4244: 'argumento': conversión de 'double' a 'float'; posible pérdida de datos
c:\users\krudo\desktop\tfg\alphas\alphas\player.cpp(251): warning C4018: '<': no coinciden signed/unsigned
c:\users\krudo\desktop\tfg\alphas\alphas\player.cpp(255): warning C4244: 'argumento': conversión de 'double' a 'float'; posible pérdida de datos
c:\users\krudo\desktop\tfg\alphas\alphas\player.cpp(264): warning C4018: '<': no coinciden signed/unsigned
c:\users\krudo\desktop\tfg\alphas\alphas\player.cpp(277): warning C4018: '<': no coinciden signed/unsigned
c:\users\krudo\desktop\tfg\alphas\alphas\player.cpp(337): warning C4018: '<': no coinciden signed/unsigned
  potion.cpp
c:\users\krudo\desktop\tfg\alphas\alphas\potion.cpp(15): warning C4244: 'argumento': conversión de 'double' a 'float'; posible pérdida de datos
  potionArmor.cpp
c:\users\krudo\desktop\tfg\alphas\alphas\potionarmor.cpp(11): warning C4305: '=': truncamiento de 'double' a 'float'
c:\users\krudo\desktop\tfg\alphas\alphas\potionarmor.cpp(14): warning C4305: '=': truncamiento de 'double' a 'float'
c:\users\krudo\desktop\tfg\alphas\alphas\potionarmor.cpp(17): warning C4305: '=': truncamiento de 'double' a 'float'
c:\users\krudo\desktop\tfg\alphas\alphas\potionarmor.cpp(20): warning C4305: '=': truncamiento de 'double' a 'float'
  potionDamage.cpp
c:\users\krudo\desktop\tfg\alphas\alphas\potiondamage.cpp(12): warning C4305: '=': truncamiento de 'double' a 'float'
c:\users\krudo\desktop\tfg\alphas\alphas\potiondamage.cpp(15): warning C4305: '=': truncamiento de 'double' a 'float'
c:\users\krudo\desktop\tfg\alphas\alphas\potiondamage.cpp(18): warning C4305: '=': truncamiento de 'double' a 'float'
c:\users\krudo\desktop\tfg\alphas\alphas\potiondamage.cpp(21): warning C4305: '=': truncamiento de 'double' a 'float'
c:\users\krudo\desktop\tfg\alphas\alphas\potiondamage.cpp(24): warning C4305: '=': truncamiento de 'double' a 'float'
  potionHealth.cpp
  potionMana.cpp
  potionAtackSpeed.cpp
c:\users\krudo\desktop\tfg\alphas\alphas\potionatackspeed.cpp(12): warning C4305: '=': truncamiento de 'double' a 'float'
c:\users\krudo\desktop\tfg\alphas\alphas\potionatackspeed.cpp(15): warning C4305: '=': truncamiento de 'double' a 'float'
c:\users\krudo\desktop\tfg\alphas\alphas\potionatackspeed.cpp(18): warning C4305: '=': truncamiento de 'double' a 'float'
c:\users\krudo\desktop\tfg\alphas\alphas\potionatackspeed.cpp(21): warning C4305: '=': truncamiento de 'double' a 'float'
c:\users\krudo\desktop\tfg\alphas\alphas\potionatackspeed.cpp(24): warning C4305: '=': truncamiento de 'double' a 'float'
  Generando código...
  Compilando...
  potionSpeed.cpp
  projectile.cpp
c:\users\krudo\desktop\tfg\alphas\alphas\projectile.cpp(29): warning C4305: 'inicializando': truncamiento de 'double' a 'float'
c:\users\krudo\desktop\tfg\alphas\alphas\projectile.cpp(109): warning C4018: '<': no coinciden signed/unsigned
c:\users\krudo\desktop\tfg\alphas\alphas\projectile.cpp(123): warning C4018: '<': no coinciden signed/unsigned
  projectileConus.cpp
c:\users\krudo\desktop\tfg\alphas\alphas\projectileconus.cpp(59): warning C4244: 'argumento': conversión de 'double' a 'float'; posible pérdida de datos
c:\users\krudo\desktop\tfg\alphas\alphas\projectileconus.cpp(87): warning C4018: '<': no coinciden signed/unsigned
  projectileSpin.cpp
c:\users\krudo\desktop\tfg\alphas\alphas\projectilespin.cpp(16): warning C4305: '=': truncamiento de 'double' a 'float'
c:\users\krudo\desktop\tfg\alphas\alphas\projectilespin.cpp(34): warning C4244: 'argumento': conversión de 'double' a 'float'; posible pérdida de datos
  projectileStraight.cpp
c:\users\krudo\desktop\tfg\alphas\alphas\projectilestraight.cpp(18): warning C4244: '*=': conversión de 'double' a 'int'; posible pérdida de datos
c:\users\krudo\desktop\tfg\alphas\alphas\projectilestraight.cpp(34): warning C4244: 'argumento': conversión de 'double' a 'float'; posible pérdida de datos
  projectileStraightSpin.cpp
c:\users\krudo\desktop\tfg\alphas\alphas\projectilestraightspin.cpp(17): warning C4305: '=': truncamiento de 'double' a 'float'
c:\users\krudo\desktop\tfg\alphas\alphas\projectilestraightspin.cpp(42): warning C4244: 'argumento': conversión de 'double' a 'float'; posible pérdida de datos
c:\users\krudo\desktop\tfg\alphas\alphas\projectilestraightspin.cpp(50): warning C4018: '<': no coinciden signed/unsigned
c:\users\krudo\desktop\tfg\alphas\alphas\projectilestraightspin.cpp(73): warning C4244: 'argumento': conversión de 'double' a 'float'; posible pérdida de datos
  QuadTree.cpp
c:\users\krudo\desktop\tfg\alphas\alphas\quadtree.cpp(33): warning C4018: '<': no coinciden signed/unsigned
c:\users\krudo\desktop\tfg\alphas\alphas\quadtree.cpp(47): warning C4244: 'argumento': conversión de 'int' a 'T'; posible pérdida de datos
          with
          [
              T=float
          ]
c:\users\krudo\desktop\tfg\alphas\alphas\quadtree.cpp(48): warning C4244: 'argumento': conversión de 'int' a 'T'; posible pérdida de datos
          with
          [
              T=float
          ]
c:\users\krudo\desktop\tfg\alphas\alphas\quadtree.cpp(49): warning C4244: 'argumento': conversión de 'int' a 'T'; posible pérdida de datos
          with
          [
              T=float
          ]
c:\users\krudo\desktop\tfg\alphas\alphas\quadtree.cpp(50): warning C4244: 'argumento': conversión de 'int' a 'T'; posible pérdida de datos
          with
          [
              T=float
          ]
c:\users\krudo\desktop\tfg\alphas\alphas\quadtree.cpp(98): warning C4018: '<': no coinciden signed/unsigned
c:\users\krudo\desktop\tfg\alphas\alphas\quadtree.cpp(104): warning C4018: '<': no coinciden signed/unsigned
c:\users\krudo\desktop\tfg\alphas\alphas\quadtree.cpp(161): warning C4018: '<': no coinciden signed/unsigned
  sceneMap.cpp
c:\users\krudo\desktop\tfg\alphas\alphas\scenemap.cpp(47): warning C4244: 'inicializando': conversión de 'int' a 'float'; posible pérdida de datos
c:\users\krudo\desktop\tfg\alphas\alphas\scenemap.cpp(48): warning C4244: 'inicializando': conversión de 'int' a 'float'; posible pérdida de datos
  screen.cpp
c:\users\krudo\desktop\tfg\alphas\alphas\screen.cpp(15): warning C4244: '=': conversión de 'double' a 'float'; posible pérdida de datos
c:\users\krudo\desktop\tfg\alphas\alphas\screen.cpp(16): warning C4244: '=': conversión de 'double' a 'float'; posible pérdida de datos
c:\users\krudo\desktop\tfg\alphas\alphas\screen.cpp(17): warning C4244: '=': conversión de 'double' a 'float'; posible pérdida de datos
c:\users\krudo\desktop\tfg\alphas\alphas\screen.cpp(18): warning C4244: '=': conversión de 'double' a 'float'; posible pérdida de datos
c:\users\krudo\desktop\tfg\alphas\alphas\screen.cpp(19): warning C4244: '=': conversión de 'double' a 'float'; posible pérdida de datos
c:\users\krudo\desktop\tfg\alphas\alphas\screen.cpp(20): warning C4244: '=': conversión de 'double' a 'float'; posible pérdida de datos
c:\users\krudo\desktop\tfg\alphas\alphas\screen.cpp(22): warning C4244: '=': conversión de 'double' a 'float'; posible pérdida de datos
c:\users\krudo\desktop\tfg\alphas\alphas\screen.cpp(23): warning C4244: '=': conversión de 'double' a 'float'; posible pérdida de datos
c:\users\krudo\desktop\tfg\alphas\alphas\screen.cpp(24): warning C4244: '=': conversión de 'double' a 'float'; posible pérdida de datos
c:\users\krudo\desktop\tfg\alphas\alphas\screen.cpp(25): warning C4244: '=': conversión de 'double' a 'float'; posible pérdida de datos
c:\users\krudo\desktop\tfg\alphas\alphas\screen.cpp(26): warning C4244: '=': conversión de 'double' a 'float'; posible pérdida de datos
c:\users\krudo\desktop\tfg\alphas\alphas\screen.cpp(27): warning C4244: '=': conversión de 'double' a 'float'; posible pérdida de datos
c:\users\krudo\desktop\tfg\alphas\alphas\screen.cpp(28): warning C4244: '=': conversión de 'double' a 'float'; posible pérdida de datos
c:\users\krudo\desktop\tfg\alphas\alphas\screen.cpp(29): warning C4244: '=': conversión de 'double' a 'float'; posible pérdida de datos
c:\users\krudo\desktop\tfg\alphas\alphas\screen.cpp(31): warning C4244: '=': conversión de 'double' a 'float'; posible pérdida de datos
c:\users\krudo\desktop\tfg\alphas\alphas\screen.cpp(32): warning C4244: '=': conversión de 'double' a 'float'; posible pérdida de datos
c:\users\krudo\desktop\tfg\alphas\alphas\screen.cpp(34): warning C4244: '=': conversión de 'double' a 'float'; posible pérdida de datos
c:\users\krudo\desktop\tfg\alphas\alphas\screen.cpp(35): warning C4244: '=': conversión de 'double' a 'float'; posible pérdida de datos
c:\users\krudo\desktop\tfg\alphas\alphas\screen.cpp(36): warning C4244: '=': conversión de 'double' a 'float'; posible pérdida de datos
c:\users\krudo\desktop\tfg\alphas\alphas\screen.cpp(37): warning C4244: '=': conversión de 'double' a 'float'; posible pérdida de datos
c:\users\krudo\desktop\tfg\alphas\alphas\screen.cpp(38): warning C4244: '=': conversión de 'double' a 'float'; posible pérdida de datos
c:\users\krudo\desktop\tfg\alphas\alphas\screen.cpp(39): warning C4244: '=': conversión de 'double' a 'float'; posible pérdida de datos
c:\users\krudo\desktop\tfg\alphas\alphas\screen.cpp(41): warning C4244: '=': conversión de 'double' a 'float'; posible pérdida de datos
c:\users\krudo\desktop\tfg\alphas\alphas\screen.cpp(42): warning C4244: '=': conversión de 'double' a 'float'; posible pérdida de datos
c:\users\krudo\desktop\tfg\alphas\alphas\screen.cpp(43): warning C4244: '=': conversión de 'double' a 'float'; posible pérdida de datos
c:\users\krudo\desktop\tfg\alphas\alphas\screen.cpp(44): warning C4244: '=': conversión de 'double' a 'float'; posible pérdida de datos
  screenGameMode.cpp
c:\users\krudo\desktop\tfg\alphas\alphas\screengamemode.cpp(34): warning C4018: '<': no coinciden signed/unsigned
  screenManager.cpp
  screenOption.cpp
c:\users\krudo\desktop\tfg\alphas\alphas\screenoption.cpp(23): warning C4018: '<': no coinciden signed/unsigned
  screenSelectPlayerSolo.cpp
c:\users\krudo\desktop\tfg\alphas\alphas\screenselectplayersolo.cpp(45): warning C4018: '<': no coinciden signed/unsigned
  state.cpp
  screenGame.cpp
c:\users\krudo\desktop\tfg\alphas\alphas\screengame.cpp(115): warning C4018: '<': no coinciden signed/unsigned
c:\users\krudo\desktop\tfg\alphas\alphas\screengame.cpp(120): warning C4018: '<': no coinciden signed/unsigned
c:\users\krudo\desktop\tfg\alphas\alphas\screengame.cpp(129): warning C4244: 'argumento': conversión de 'double' a 'float'; posible pérdida de datos
c:\users\krudo\desktop\tfg\alphas\alphas\screengame.cpp(132): warning C4244: 'argumento': conversión de 'double' a 'float'; posible pérdida de datos
c:\users\krudo\desktop\tfg\alphas\alphas\screengame.cpp(135): warning C4244: 'argumento': conversión de 'double' a 'float'; posible pérdida de datos
c:\users\krudo\desktop\tfg\alphas\alphas\screengame.cpp(138): warning C4244: 'argumento': conversión de 'double' a 'float'; posible pérdida de datos
c:\users\krudo\desktop\tfg\alphas\alphas\screengame.cpp(141): warning C4244: 'argumento': conversión de 'double' a 'float'; posible pérdida de datos
c:\users\krudo\desktop\tfg\alphas\alphas\screengame.cpp(144): warning C4244: 'argumento': conversión de 'double' a 'float'; posible pérdida de datos
c:\users\krudo\desktop\tfg\alphas\alphas\screengame.cpp(157): warning C4018: '<': no coinciden signed/unsigned
  stateMachine.cpp
  screenMenuHome.cpp
c:\users\krudo\desktop\tfg\alphas\alphas\screenmenuhome.cpp(29): warning C4018: '<': no coinciden signed/unsigned
  Tile.cpp
  tinyxml2.cpp
  Generando código...
  Alphas.vcxproj -> C:\Users\krudo\Desktop\TFG\Alphas\Debug\Alphas.exe
