c:\users\krudo\desktop\tfg\alphas\release\alphas.ipdb
c:\users\krudo\desktop\tfg\alphas\release\alphas.iobj
c:\users\krudo\desktop\tfg\alphas\alphas\release\alphas.pch
c:\users\krudo\desktop\tfg\alphas\alphas\release\vc141.pdb
c:\users\krudo\desktop\tfg\alphas\alphas\release\pch.obj
c:\users\krudo\desktop\tfg\alphas\alphas\release\buttonimage.obj
c:\users\krudo\desktop\tfg\alphas\alphas\release\habilityinfo.obj
c:\users\krudo\desktop\tfg\alphas\alphas\release\player.obj
c:\users\krudo\desktop\tfg\alphas\alphas\release\potionhealth.obj
c:\users\krudo\desktop\tfg\alphas\alphas\release\projectilespinfixed.obj
c:\users\krudo\desktop\tfg\alphas\alphas\release\screengamemode.obj
c:\users\krudo\desktop\tfg\alphas\alphas\release\statsinfo.obj
c:\users\krudo\desktop\tfg\alphas\alphas\release\enemyboss.obj
c:\users\krudo\desktop\tfg\alphas\alphas\release\fillbar.obj
c:\users\krudo\desktop\tfg\alphas\alphas\release\playergreen.obj
c:\users\krudo\desktop\tfg\alphas\alphas\release\potionatackspeed.obj
c:\users\krudo\desktop\tfg\alphas\alphas\release\projectilestraightspin.obj
c:\users\krudo\desktop\tfg\alphas\alphas\release\screenpause.obj
c:\users\krudo\desktop\tfg\alphas\alphas\release\tileskewer.obj
c:\users\krudo\desktop\tfg\alphas\alphas\release\button.obj
c:\users\krudo\desktop\tfg\alphas\alphas\release\entity.obj
c:\users\krudo\desktop\tfg\alphas\alphas\release\playerinfo.obj
c:\users\krudo\desktop\tfg\alphas\alphas\release\potionmana.obj
c:\users\krudo\desktop\tfg\alphas\alphas\release\projectilestraight.obj
c:\users\krudo\desktop\tfg\alphas\alphas\release\screen.obj
c:\users\krudo\desktop\tfg\alphas\alphas\release\screengame.obj
c:\users\krudo\desktop\tfg\alphas\alphas\release\camera.obj
c:\users\krudo\desktop\tfg\alphas\alphas\release\enginemanager.obj
c:\users\krudo\desktop\tfg\alphas\alphas\release\playeryellow.obj
c:\users\krudo\desktop\tfg\alphas\alphas\release\projectile.obj
c:\users\krudo\desktop\tfg\alphas\alphas\release\scenemap.obj
c:\users\krudo\desktop\tfg\alphas\alphas\release\state.obj
c:\users\krudo\desktop\tfg\alphas\alphas\release\tinyxml2.obj
c:\users\krudo\desktop\tfg\alphas\alphas\release\alphas.obj
c:\users\krudo\desktop\tfg\alphas\alphas\release\enemyranger.obj
c:\users\krudo\desktop\tfg\alphas\alphas\release\image.obj
c:\users\krudo\desktop\tfg\alphas\alphas\release\potionarmor.obj
c:\users\krudo\desktop\tfg\alphas\alphas\release\potionspeed.obj
c:\users\krudo\desktop\tfg\alphas\alphas\release\projectilestraightstun.obj
c:\users\krudo\desktop\tfg\alphas\alphas\release\screenoption.obj
c:\users\krudo\desktop\tfg\alphas\alphas\release\tile.obj
c:\users\krudo\desktop\tfg\alphas\alphas\release\buttontext.obj
c:\users\krudo\desktop\tfg\alphas\alphas\release\game.obj
c:\users\krudo\desktop\tfg\alphas\alphas\release\interface.obj
c:\users\krudo\desktop\tfg\alphas\alphas\release\projectileconus.obj
c:\users\krudo\desktop\tfg\alphas\alphas\release\quadtree.obj
c:\users\krudo\desktop\tfg\alphas\alphas\release\screenselectplayersolo.obj
c:\users\krudo\desktop\tfg\alphas\alphas\release\wavesystem.obj
c:\users\krudo\desktop\tfg\alphas\alphas\release\enemy.obj
c:\users\krudo\desktop\tfg\alphas\alphas\release\enemywarrior.obj
c:\users\krudo\desktop\tfg\alphas\alphas\release\playerblue.obj
c:\users\krudo\desktop\tfg\alphas\alphas\release\potiondamage.obj
c:\users\krudo\desktop\tfg\alphas\alphas\release\projectilestraightsticky.obj
c:\users\krudo\desktop\tfg\alphas\alphas\release\screengameover.obj
c:\users\krudo\desktop\tfg\alphas\alphas\release\tileblock.obj
c:\users\krudo\desktop\tfg\alphas\alphas\release\enemycharger.obj
c:\users\krudo\desktop\tfg\alphas\alphas\release\hashgrid.obj
c:\users\krudo\desktop\tfg\alphas\alphas\release\potion.obj
c:\users\krudo\desktop\tfg\alphas\alphas\release\projectilespin.obj
c:\users\krudo\desktop\tfg\alphas\alphas\release\screenmanager.obj
c:\users\krudo\desktop\tfg\alphas\alphas\release\statemachine.obj
c:\users\krudo\desktop\tfg\alphas\alphas\release\screenmenuhome.obj
c:\users\krudo\desktop\tfg\alphas\release\alphas.exe
c:\users\krudo\desktop\tfg\alphas\release\alphas.pdb
c:\users\krudo\desktop\tfg\alphas\alphas\release\alphas.tlog\alphas.write.1u.tlog
c:\users\krudo\desktop\tfg\alphas\alphas\release\alphas.tlog\cl.command.1.tlog
c:\users\krudo\desktop\tfg\alphas\alphas\release\alphas.tlog\cl.read.1.tlog
c:\users\krudo\desktop\tfg\alphas\alphas\release\alphas.tlog\cl.write.1.tlog
c:\users\krudo\desktop\tfg\alphas\alphas\release\alphas.tlog\link.command.1.tlog
c:\users\krudo\desktop\tfg\alphas\alphas\release\alphas.tlog\link.read.1.tlog
c:\users\krudo\desktop\tfg\alphas\alphas\release\alphas.tlog\link.write.1.tlog
